2017-05-01 19:03:40,523 [INFO] from application in ForkJoinPool-1-worker-1 - Application about to start...
2017-05-01 19:03:40,811 [INFO] from play.api.Play in ForkJoinPool-1-worker-1 - Application started (Dev)
2017-05-01 19:05:17,058 [INFO] from application in application-akka.actor.default-dispatcher-7 - Application about to start...
2017-05-01 19:05:17,076 [INFO] from play.api.Play in application-akka.actor.default-dispatcher-7 - Application started (Dev)
2017-05-01 19:08:51,617 [INFO] from application in application-akka.actor.default-dispatcher-13 - Application about to start...
2017-05-01 19:08:51,622 [INFO] from play.api.Play in application-akka.actor.default-dispatcher-13 - Application started (Dev)
2017-05-01 19:11:33,073 [INFO] from application in application-akka.actor.default-dispatcher-2 - Application about to start...
2017-05-01 19:11:33,078 [INFO] from play.api.Play in application-akka.actor.default-dispatcher-2 - Application started (Dev)
2017-05-01 19:17:26,524 [ERROR] from application in netty-event-loop-5 - 

! @73p712bdg - Internal server error, for (GET) [/] ->
 
play.sbt.PlayExceptions$CompilationException: Compilation error[unclosed string literal]
	at play.sbt.PlayExceptions$CompilationException$.apply(PlayExceptions.scala:27)
	at play.sbt.PlayExceptions$CompilationException$.apply(PlayExceptions.scala:27)
	at scala.Option.map(Option.scala:145)
	at play.sbt.run.PlayReload$$anonfun$taskFailureHandler$1.apply(PlayReload.scala:49)
	at play.sbt.run.PlayReload$$anonfun$taskFailureHandler$1.apply(PlayReload.scala:44)
	at scala.Option.map(Option.scala:145)
	at play.sbt.run.PlayReload$.taskFailureHandler(PlayReload.scala:44)
	at play.sbt.run.PlayReload$.compileFailure(PlayReload.scala:40)
	at play.sbt.run.PlayReload$$anonfun$compile$1.apply(PlayReload.scala:17)
	at play.sbt.run.PlayReload$$anonfun$compile$1.apply(PlayReload.scala:17)
	at scala.util.Either$LeftProjection.map(Either.scala:377)
	at play.sbt.run.PlayReload$.compile(PlayReload.scala:17)
	at play.sbt.run.PlayRun$$anonfun$playRunTask$1$$anonfun$apply$2$$anonfun$apply$3$$anonfun$2.apply(PlayRun.scala:61)
	at play.sbt.run.PlayRun$$anonfun$playRunTask$1$$anonfun$apply$2$$anonfun$apply$3$$anonfun$2.apply(PlayRun.scala:61)
	at play.runsupport.Reloader$$anonfun$reload$1.apply(Reloader.scala:339)
	at play.runsupport.Reloader$$anon$3.run(Reloader.scala:44)
	at java.security.AccessController.doPrivileged(Native Method)
	at play.runsupport.Reloader$.play$runsupport$Reloader$$withReloaderContextClassLoader(Reloader.scala:40)
	at play.runsupport.Reloader.reload(Reloader.scala:337)
	at play.core.server.DevServerStart$$anonfun$mainDev$1$$anon$1$$anonfun$get$1.apply(DevServerStart.scala:123)
	at play.core.server.DevServerStart$$anonfun$mainDev$1$$anon$1$$anonfun$get$1.apply(DevServerStart.scala:121)
	at scala.concurrent.impl.Future$PromiseCompletingRunnable.liftedTree1$1(Future.scala:24)
	at scala.concurrent.impl.Future$PromiseCompletingRunnable.run(Future.scala:24)
	at akka.dispatch.TaskInvocation.run(AbstractDispatcher.scala:39)
	at akka.dispatch.ForkJoinExecutorConfigurator$AkkaForkJoinTask.exec(AbstractDispatcher.scala:415)
	at scala.concurrent.forkjoin.ForkJoinTask.doExec(ForkJoinTask.java:260)
	at scala.concurrent.forkjoin.ForkJoinPool$WorkQueue.runTask(ForkJoinPool.java:1339)
	at scala.concurrent.forkjoin.ForkJoinPool.runWorker(ForkJoinPool.java:1979)
	at scala.concurrent.forkjoin.ForkJoinWorkerThread.run(ForkJoinWorkerThread.java:107)
2017-05-01 19:18:01,536 [INFO] from application in application-akka.actor.default-dispatcher-22 - Application about to start...
2017-05-01 19:18:01,541 [INFO] from play.api.Play in application-akka.actor.default-dispatcher-22 - Application started (Dev)
2017-05-01 19:18:35,570 [INFO] from application in application-akka.actor.default-dispatcher-9 - Application about to start...
2017-05-01 19:18:35,575 [INFO] from play.api.Play in application-akka.actor.default-dispatcher-9 - Application started (Dev)
2017-05-01 19:19:29,298 [INFO] from application in application-akka.actor.default-dispatcher-5 - Application about to start...
2017-05-01 19:19:29,304 [INFO] from play.api.Play in application-akka.actor.default-dispatcher-5 - Application started (Dev)
2017-05-01 19:20:31,741 [INFO] from application in application-akka.actor.default-dispatcher-7 - Application about to start...
2017-05-01 19:20:31,745 [INFO] from play.api.Play in application-akka.actor.default-dispatcher-7 - Application started (Dev)
2017-05-01 19:20:56,545 [INFO] from application in application-akka.actor.default-dispatcher-2 - Application about to start...
2017-05-01 19:20:56,550 [INFO] from play.api.Play in application-akka.actor.default-dispatcher-2 - Application started (Dev)
2017-05-01 19:22:30,421 [INFO] from application in application-akka.actor.default-dispatcher-4 - Application about to start...
2017-05-01 19:22:30,426 [INFO] from play.api.Play in application-akka.actor.default-dispatcher-4 - Application started (Dev)
2017-05-01 19:22:46,125 [INFO] from application in application-akka.actor.default-dispatcher-5 - Application about to start...
2017-05-01 19:22:46,129 [INFO] from play.api.Play in application-akka.actor.default-dispatcher-5 - Application started (Dev)
